<?xml version="1.0" encoding="UTF-8"?>
<testsuites name="Smoke" time="96.3" tests="22" failures="0" errors="0">
   <testsuite name="Smoke" tests="22" failures="0" errors="0" time="96.3" skipped="0" timestamp="2023-06-16 00:00:52" hostname="hmacagba - PHPF1FXV0U.CSCMWS.CSCMWS.COM" id="Test Suites/Smoke">
      <properties>
         <property name="deviceName" value=""/>
         <property name="devicePlatform" value=""/>
         <property name="logFolder" value="C:\\Users\\hmacagba\\git\\AutomatedScripts\\Reports\\20230616_000042\\Smoke\\20230616_000042"/>
         <property name="logFiles" value="C:\\Users\\hmacagba\\git\\AutomatedScripts\\Reports\\20230616_000042\\Smoke\\20230616_000042\\execution0.log"/>
         <property name="attachments" value="C:\\Users\\hmacagba\\git\\AutomatedScripts\\Reports\\20230616_000042\\Smoke\\20230616_000042\\1686844938865.png"/>
         <property name="hostName" value="hmacagba - PHPF1FXV0U.CSCMWS.CSCMWS.COM"/>
         <property name="os" value="Windows 10 64bit"/>
         <property name="katalonVersion" value="8.6.5.208"/>
         <property name="browser" value="Chrome 114.0.0.0"/>
         <property name="hostAddress" value="192.168.68.107"/>
         <property name="sessionId" value="d1f92b38ffc4ae389f4cece0c79943e5"/>
         <property name="seleniumVersion" value="3.141.59"/>
         <property name="proxyInformation" value="ProxyInformation { proxyOption=NO_PROXY, proxyServerType=HTTP, username=, password=********, proxyServerAddress=, proxyServerPort=0, executionList=&quot;&quot;, isApplyToDesiredCapabilities=true }"/>
         <property name="platform" value="Windows 10"/>
      </properties>
      <testcase name="Test Cases/Report/Win Loss Report (Direct)" time="25.67" classname="Test Cases/Report/Win Loss Report (Direct)" status="PASSED">
         <system-out><![CDATA[2023-06-16 00:00:53 - [TEST_CASE][PASSED] - Test Cases/Report/Win Loss Report (Direct): Test Cases/Report/Win Loss Report (Direct)

2023-06-16 00:00:53 - [TEST_STEP][PASSED] - callTestCase(findTestCase("Login Admin"), [:], STOP_ON_FAILURE): Call Test Case 'Test Cases/Login Admin' successfully

2023-06-16 00:00:54 - [TEST_CASE][PASSED] - Test Cases/Login Admin: Test Cases/Login Admin

2023-06-16 00:00:54 - [TEST_STEP][PASSED] - openBrowser(""): Browser is opened with url: ''

2023-06-16 00:00:55 - [MESSAGE][INFO] - Starting 'Chrome' driver

2023-06-16 00:00:55 - [MESSAGE][INFO] - Action delay is set to 0 milliseconds

2023-06-16 00:00:59 - [MESSAGE][PASSED] - Browser is opened with url: ''

2023-06-16 00:00:59 - [TEST_STEP][PASSED] - maximizeWindow(): Current window maximized

2023-06-16 00:00:59 - [MESSAGE][PASSED] - Current window maximized

2023-06-16 00:00:59 - [TEST_STEP][PASSED] - navigateToUrl(URL): Navigate to 'http://admin.lkydev.site' successfully

2023-06-16 00:01:03 - [MESSAGE][PASSED] - Navigate to 'http://admin.lkydev.site' successfully

2023-06-16 00:01:03 - [TEST_STEP][PASSED] - verifyElementText(findTestObject("Object Repository/Login/Page_SUNCITY - Login/h3_Sign In To Admin System"), "Sign In To Admin System"): Actual text and expected text of test object 'Object Repository/Login/Page_SUNCITY - Login/h3_Sign In To Admin System' are matched.

2023-06-16 00:01:03 - [MESSAGE][PASSED] - Actual text and expected text of test object 'Object Repository/Login/Page_SUNCITY - Login/h3_Sign In To Admin System' are matched.

2023-06-16 00:01:03 - [TEST_STEP][PASSED] - com.reusableComponent.HighlightElement.run(findTestObject("Login/Page_SUNCITY - Login/h3_Sign In To Admin System")): com.reusableComponent.HighlightElement.run is PASSED

2023-06-16 00:01:04 - [MESSAGE][PASSED] - com.reusableComponent.HighlightElement.run is PASSED

2023-06-16 00:01:04 - [TEST_STEP][PASSED] - com.reusableComponent.HighlightElement.run(findTestObject("Login/Page_SUNCITY - Login/input_Sign In To Admin System_username")): com.reusableComponent.HighlightElement.run is PASSED

2023-06-16 00:01:05 - [MESSAGE][PASSED] - com.reusableComponent.HighlightElement.run is PASSED

2023-06-16 00:01:05 - [TEST_STEP][PASSED] - com.reusableComponent.HighlightElement.run(findTestObject("Login/Page_SUNCITY - Login/input_Sign In To Admin System_password")): com.reusableComponent.HighlightElement.run is PASSED

2023-06-16 00:01:05 - [MESSAGE][PASSED] - com.reusableComponent.HighlightElement.run is PASSED

2023-06-16 00:01:05 - [TEST_STEP][PASSED] - setText(findTestObject("Object Repository/Login/Page_SUNCITY - Login/input_Sign In To Admin System_username"), Username): Text 'devbot' is set on object 'Object Repository/Login/Page_SUNCITY - Login/input_Sign In To Admin System_username'

2023-06-16 00:01:07 - [MESSAGE][PASSED] - Text 'devbot' is set on object 'Object Repository/Login/Page_SUNCITY - Login/input_Sign In To Admin System_username'

2023-06-16 00:01:07 - [TEST_STEP][PASSED] - setText(findTestObject("Object Repository/Login/Page_SUNCITY - Login/input_Sign In To Admin System_password"), Password): Text '77889900' is set on object 'Object Repository/Login/Page_SUNCITY - Login/input_Sign In To Admin System_password'

2023-06-16 00:01:07 - [MESSAGE][PASSED] - Text '77889900' is set on object 'Object Repository/Login/Page_SUNCITY - Login/input_Sign In To Admin System_password'

2023-06-16 00:01:07 - [TEST_STEP][PASSED] - com.reusableComponent.HighlightElement.run(findTestObject("Login/Page_SUNCITY - Login/button_Next")): com.reusableComponent.HighlightElement.run is PASSED

2023-06-16 00:01:08 - [MESSAGE][PASSED] - com.reusableComponent.HighlightElement.run is PASSED

2023-06-16 00:01:08 - [TEST_STEP][PASSED] - click(findTestObject("Object Repository/Login/Page_SUNCITY - Login/button_Next")): Object: 'Object Repository/Login/Page_SUNCITY - Login/button_Next' is clicked on

2023-06-16 00:01:09 - [MESSAGE][PASSED] - Object: 'Object Repository/Login/Page_SUNCITY - Login/button_Next' is clicked on

2023-06-16 00:01:09 - [TEST_STEP][PASSED] - com.reusableComponent.HighlightElement.run(findTestObject("Login/Page_SUNCITY - Login/input_Next_verificationCode")): com.reusableComponent.HighlightElement.run is PASSED

2023-06-16 00:01:10 - [MESSAGE][PASSED] - com.reusableComponent.HighlightElement.run is PASSED

2023-06-16 00:01:10 - [TEST_STEP][PASSED] - setText(findTestObject("Object Repository/Login/Page_SUNCITY - Login/input_Next_verificationCode"), VerificationCode): Text '778899' is set on object 'Object Repository/Login/Page_SUNCITY - Login/input_Next_verificationCode'

2023-06-16 00:01:11 - [MESSAGE][PASSED] - Text '778899' is set on object 'Object Repository/Login/Page_SUNCITY - Login/input_Next_verificationCode'

2023-06-16 00:01:11 - [TEST_STEP][PASSED] - com.reusableComponent.HighlightElement.run(findTestObject("Login/Page_SUNCITY - Login/button_Sign In")): com.reusableComponent.HighlightElement.run is PASSED

2023-06-16 00:01:11 - [MESSAGE][PASSED] - com.reusableComponent.HighlightElement.run is PASSED

2023-06-16 00:01:11 - [TEST_STEP][PASSED] - click(findTestObject("Object Repository/Login/Page_SUNCITY - Login/button_Sign In")): Object: 'Object Repository/Login/Page_SUNCITY - Login/button_Sign In' is clicked on

2023-06-16 00:01:12 - [MESSAGE][PASSED] - Object: 'Object Repository/Login/Page_SUNCITY - Login/button_Sign In' is clicked on

2023-06-16 00:01:12 - [TEST_STEP][PASSED] - com.reusableComponent.HighlightElement.run(findTestObject("Login/Page_Dashboard/h2_Login Success")): com.reusableComponent.HighlightElement.run is PASSED

2023-06-16 00:01:14 - [MESSAGE][PASSED] - com.reusableComponent.HighlightElement.run is PASSED

2023-06-16 00:01:14 - [TEST_STEP][PASSED] - click(findTestObject("Object Repository/Login/Page_Dashboard/h2_Login Success")): Object: 'Object Repository/Login/Page_Dashboard/h2_Login Success' is clicked on

2023-06-16 00:01:15 - [MESSAGE][PASSED] - Object: 'Object Repository/Login/Page_Dashboard/h2_Login Success' is clicked on

2023-06-16 00:01:15 - [TEST_STEP][PASSED] - com.reusableComponent.HighlightElement.run(findTestObject("Login/Page_Dashboard/button_OK")): com.reusableComponent.HighlightElement.run is PASSED

2023-06-16 00:01:15 - [MESSAGE][PASSED] - com.reusableComponent.HighlightElement.run is PASSED

2023-06-16 00:01:15 - [TEST_STEP][PASSED] - click(findTestObject("Object Repository/Login/Page_Dashboard/button_OK")): Object: 'Object Repository/Login/Page_Dashboard/button_OK' is clicked on

2023-06-16 00:01:16 - [MESSAGE][PASSED] - Object: 'Object Repository/Login/Page_Dashboard/button_OK' is clicked on

2023-06-16 00:01:16 - [MESSAGE][PASSED] - Call Test Case 'Test Cases/Login Admin' successfully

2023-06-16 00:01:16 - [TEST_STEP][PASSED] - com.reusableComponent.HighlightElement.run(findTestObject("Report/Page_Dashboard/span_Report")): com.reusableComponent.HighlightElement.run is PASSED

2023-06-16 00:01:17 - [MESSAGE][PASSED] - com.reusableComponent.HighlightElement.run is PASSED

2023-06-16 00:01:17 - [TEST_STEP][PASSED] - mouseOver(findTestObject("Report/Page_Dashboard/span_Report")): Object: 'Object Repository/Report/Page_Dashboard/span_Report' is hovered

2023-06-16 00:01:17 - [MESSAGE][PASSED] - Object: 'Object Repository/Report/Page_Dashboard/span_Report' is hovered

2023-06-16 00:01:17 - [TEST_STEP][PASSED] - com.reusableComponent.HighlightElement.run(findTestObject("Report/Page_Dashboard/span_Win Loss Report (Direct)")): com.reusableComponent.HighlightElement.run is PASSED

2023-06-16 00:01:18 - [MESSAGE][PASSED] - com.reusableComponent.HighlightElement.run is PASSED

2023-06-16 00:01:18 - [TEST_STEP][PASSED] - mouseOver(findTestObject("Report/Page_Dashboard/span_Win Loss Report (Direct)")): Object: 'Object Repository/Report/Page_Dashboard/span_Win Loss Report (Direct)' is hovered

2023-06-16 00:01:18 - [MESSAGE][PASSED] - Object: 'Object Repository/Report/Page_Dashboard/span_Win Loss Report (Direct)' is hovered]]></system-out>
         <system-err><![CDATA[]]></system-err>
      </testcase>
      <testcase name="Test Cases/Report/Win Loss Report (All)" time="3.024" classname="Test Cases/Report/Win Loss Report (All)" status="PASSED">
         <system-out><![CDATA[2023-06-16 00:01:18 - [TEST_CASE][PASSED] - Test Cases/Report/Win Loss Report (All): Test Cases/Report/Win Loss Report (All)

2023-06-16 00:01:19 - [TEST_STEP][PASSED] - com.reusableComponent.HighlightElement.run(findTestObject("Report/Page_Dashboard/span_Report")): com.reusableComponent.HighlightElement.run is PASSED

2023-06-16 00:01:20 - [MESSAGE][PASSED] - com.reusableComponent.HighlightElement.run is PASSED

2023-06-16 00:01:20 - [TEST_STEP][PASSED] - mouseOver(findTestObject("Report/Page_Dashboard/span_Report")): Object: 'Object Repository/Report/Page_Dashboard/span_Report' is hovered

2023-06-16 00:01:20 - [MESSAGE][PASSED] - Object: 'Object Repository/Report/Page_Dashboard/span_Report' is hovered

2023-06-16 00:01:20 - [TEST_STEP][PASSED] - com.reusableComponent.HighlightElement.run(findTestObject("Report/Page_Dashboard/span_Win Loss Report (All)")): com.reusableComponent.HighlightElement.run is PASSED

2023-06-16 00:01:21 - [MESSAGE][PASSED] - com.reusableComponent.HighlightElement.run is PASSED

2023-06-16 00:01:21 - [TEST_STEP][PASSED] - mouseOver(findTestObject("Report/Page_Dashboard/span_Win Loss Report (All)")): Object: 'Object Repository/Report/Page_Dashboard/span_Win Loss Report (All)' is hovered

2023-06-16 00:01:21 - [MESSAGE][PASSED] - Object: 'Object Repository/Report/Page_Dashboard/span_Win Loss Report (All)' is hovered]]></system-out>
         <system-err><![CDATA[]]></system-err>
      </testcase>
      <testcase name="Test Cases/Report/Win Loss Report" time="2.792" classname="Test Cases/Report/Win Loss Report" status="PASSED">
         <system-out><![CDATA[2023-06-16 00:01:21 - [TEST_CASE][PASSED] - Test Cases/Report/Win Loss Report: Test Cases/Report/Win Loss Report

2023-06-16 00:01:22 - [TEST_STEP][PASSED] - com.reusableComponent.HighlightElement.run(findTestObject("Report/Page_Dashboard/span_Report")): com.reusableComponent.HighlightElement.run is PASSED

2023-06-16 00:01:23 - [MESSAGE][PASSED] - com.reusableComponent.HighlightElement.run is PASSED

2023-06-16 00:01:23 - [TEST_STEP][PASSED] - mouseOver(findTestObject("Report/Page_Dashboard/span_Report")): Object: 'Object Repository/Report/Page_Dashboard/span_Report' is hovered

2023-06-16 00:01:23 - [MESSAGE][PASSED] - Object: 'Object Repository/Report/Page_Dashboard/span_Report' is hovered

2023-06-16 00:01:23 - [TEST_STEP][PASSED] - com.reusableComponent.HighlightElement.run(findTestObject("Report/Page_Dashboard/span_Win Loss Report")): com.reusableComponent.HighlightElement.run is PASSED

2023-06-16 00:01:24 - [MESSAGE][PASSED] - com.reusableComponent.HighlightElement.run is PASSED

2023-06-16 00:01:24 - [TEST_STEP][PASSED] - mouseOver(findTestObject("Report/Page_Dashboard/span_Win Loss Report")): Object: 'Object Repository/Report/Page_Dashboard/span_Win Loss Report' is hovered

2023-06-16 00:01:24 - [MESSAGE][PASSED] - Object: 'Object Repository/Report/Page_Dashboard/span_Win Loss Report' is hovered]]></system-out>
         <system-err><![CDATA[]]></system-err>
      </testcase>
      <testcase name="Test Cases/Report/Win Loss Report Percentage" time="10.15" classname="Test Cases/Report/Win Loss Report Percentage" status="PASSED">
         <system-out><![CDATA[2023-06-16 00:01:24 - [TEST_CASE][PASSED] - Test Cases/Report/Win Loss Report Percentage: Test Cases/Report/Win Loss Report Percentage

2023-06-16 00:01:25 - [TEST_STEP][PASSED] - com.reusableComponent.HighlightElement.run(findTestObject("Report/Page_Dashboard/span_Report")): com.reusableComponent.HighlightElement.run is PASSED

2023-06-16 00:01:26 - [MESSAGE][PASSED] - com.reusableComponent.HighlightElement.run is PASSED

2023-06-16 00:01:26 - [TEST_STEP][PASSED] - mouseOver(findTestObject("Report/Page_Dashboard/span_Report")): Object: 'Object Repository/Report/Page_Dashboard/span_Report' is hovered

2023-06-16 00:01:26 - [MESSAGE][PASSED] - Object: 'Object Repository/Report/Page_Dashboard/span_Report' is hovered

2023-06-16 00:01:26 - [TEST_STEP][PASSED] - com.reusableComponent.HighlightElement.run(findTestObject("Report/Page_Dashboard/span_Win Loss Report")): com.reusableComponent.HighlightElement.run is PASSED

2023-06-16 00:01:27 - [MESSAGE][PASSED] - com.reusableComponent.HighlightElement.run is PASSED

2023-06-16 00:01:27 - [TEST_STEP][PASSED] - mouseOver(findTestObject("Report/Page_Dashboard/span_Win Loss Report")): Object: 'Object Repository/Report/Page_Dashboard/span_Win Loss Report' is hovered

2023-06-16 00:01:34 - [MESSAGE][PASSED] - Object: 'Object Repository/Report/Page_Dashboard/span_Win Loss Report' is hovered]]></system-out>
         <system-err><![CDATA[]]></system-err>
      </testcase>
      <testcase name="Test Cases/Report/Win Loss Report (Member)" time="2.809" classname="Test Cases/Report/Win Loss Report (Member)" status="PASSED">
         <system-out><![CDATA[2023-06-16 00:01:34 - [TEST_CASE][PASSED] - Test Cases/Report/Win Loss Report (Member): Test Cases/Report/Win Loss Report (Member)

2023-06-16 00:01:35 - [TEST_STEP][PASSED] - com.reusableComponent.HighlightElement.run(findTestObject("Report/Page_Dashboard/span_Report")): com.reusableComponent.HighlightElement.run is PASSED

2023-06-16 00:01:36 - [MESSAGE][PASSED] - com.reusableComponent.HighlightElement.run is PASSED

2023-06-16 00:01:36 - [TEST_STEP][PASSED] - mouseOver(findTestObject("Report/Page_Dashboard/span_Report")): Object: 'Object Repository/Report/Page_Dashboard/span_Report' is hovered

2023-06-16 00:01:36 - [MESSAGE][PASSED] - Object: 'Object Repository/Report/Page_Dashboard/span_Report' is hovered

2023-06-16 00:01:36 - [TEST_STEP][PASSED] - com.reusableComponent.HighlightElement.run(findTestObject("Report/Page_Dashboard/span_Win Loss Report (Member)")): com.reusableComponent.HighlightElement.run is PASSED

2023-06-16 00:01:37 - [MESSAGE][PASSED] - com.reusableComponent.HighlightElement.run is PASSED

2023-06-16 00:01:37 - [TEST_STEP][PASSED] - mouseOver(findTestObject("Report/Page_Dashboard/span_Win Loss Report (Member)")): Object: 'Object Repository/Report/Page_Dashboard/span_Win Loss Report (Member)' is hovered

2023-06-16 00:01:37 - [MESSAGE][PASSED] - Object: 'Object Repository/Report/Page_Dashboard/span_Win Loss Report (Member)' is hovered]]></system-out>
         <system-err><![CDATA[]]></system-err>
      </testcase>
      <testcase name="Test Cases/Report/Detail" time="2.701" classname="Test Cases/Report/Detail" status="PASSED">
         <system-out><![CDATA[2023-06-16 00:01:37 - [TEST_CASE][PASSED] - Test Cases/Report/Detail: Test Cases/Report/Detail

2023-06-16 00:01:38 - [TEST_STEP][PASSED] - com.reusableComponent.HighlightElement.run(findTestObject("Report/Page_Dashboard/span_Report")): com.reusableComponent.HighlightElement.run is PASSED

2023-06-16 00:01:38 - [MESSAGE][PASSED] - com.reusableComponent.HighlightElement.run is PASSED

2023-06-16 00:01:38 - [TEST_STEP][PASSED] - mouseOver(findTestObject("Report/Page_Dashboard/span_Report")): Object: 'Object Repository/Report/Page_Dashboard/span_Report' is hovered

2023-06-16 00:01:39 - [MESSAGE][PASSED] - Object: 'Object Repository/Report/Page_Dashboard/span_Report' is hovered

2023-06-16 00:01:39 - [TEST_STEP][PASSED] - com.reusableComponent.HighlightElement.run(findTestObject("Report/Page_Dashboard/span_Detail")): com.reusableComponent.HighlightElement.run is PASSED

2023-06-16 00:01:39 - [MESSAGE][PASSED] - com.reusableComponent.HighlightElement.run is PASSED

2023-06-16 00:01:39 - [TEST_STEP][PASSED] - mouseOver(findTestObject("Report/Page_Dashboard/span_Detail")): Object: 'Object Repository/Report/Page_Dashboard/span_Detail' is hovered

2023-06-16 00:01:40 - [MESSAGE][PASSED] - Object: 'Object Repository/Report/Page_Dashboard/span_Detail' is hovered]]></system-out>
         <system-err><![CDATA[]]></system-err>
      </testcase>
      <testcase name="Test Cases/Report/Summary All" time="2.675" classname="Test Cases/Report/Summary All" status="PASSED">
         <system-out><![CDATA[2023-06-16 00:01:40 - [TEST_CASE][PASSED] - Test Cases/Report/Summary All: Test Cases/Report/Summary All

2023-06-16 00:01:40 - [TEST_STEP][PASSED] - com.reusableComponent.HighlightElement.run(findTestObject("Report/Page_Dashboard/span_Report")): com.reusableComponent.HighlightElement.run is PASSED

2023-06-16 00:01:41 - [MESSAGE][PASSED] - com.reusableComponent.HighlightElement.run is PASSED

2023-06-16 00:01:41 - [TEST_STEP][PASSED] - mouseOver(findTestObject("Report/Page_Dashboard/span_Report")): Object: 'Object Repository/Report/Page_Dashboard/span_Report' is hovered

2023-06-16 00:01:42 - [MESSAGE][PASSED] - Object: 'Object Repository/Report/Page_Dashboard/span_Report' is hovered

2023-06-16 00:01:42 - [TEST_STEP][PASSED] - com.reusableComponent.HighlightElement.run(findTestObject("Report/Page_Dashboard/span_Summary All")): com.reusableComponent.HighlightElement.run is PASSED

2023-06-16 00:01:42 - [MESSAGE][PASSED] - com.reusableComponent.HighlightElement.run is PASSED

2023-06-16 00:01:42 - [TEST_STEP][PASSED] - mouseOver(findTestObject("Report/Page_Dashboard/span_Summary All")): Object: 'Object Repository/Report/Page_Dashboard/span_Summary All' is hovered

2023-06-16 00:01:43 - [MESSAGE][PASSED] - Object: 'Object Repository/Report/Page_Dashboard/span_Summary All' is hovered]]></system-out>
         <system-err><![CDATA[]]></system-err>
      </testcase>
      <testcase name="Test Cases/Report/Summary MYR" time="2.552" classname="Test Cases/Report/Summary MYR" status="PASSED">
         <system-out><![CDATA[2023-06-16 00:01:43 - [TEST_CASE][PASSED] - Test Cases/Report/Summary MYR: Test Cases/Report/Summary MYR

2023-06-16 00:01:43 - [TEST_STEP][PASSED] - com.reusableComponent.HighlightElement.run(findTestObject("Report/Page_Dashboard/span_Report")): com.reusableComponent.HighlightElement.run is PASSED

2023-06-16 00:01:43 - [MESSAGE][PASSED] - com.reusableComponent.HighlightElement.run is PASSED

2023-06-16 00:01:43 - [TEST_STEP][PASSED] - mouseOver(findTestObject("Report/Page_Dashboard/span_Report")): Object: 'Object Repository/Report/Page_Dashboard/span_Report' is hovered

2023-06-16 00:01:44 - [MESSAGE][PASSED] - Object: 'Object Repository/Report/Page_Dashboard/span_Report' is hovered

2023-06-16 00:01:44 - [TEST_STEP][PASSED] - com.reusableComponent.HighlightElement.run(findTestObject("Report/Page_Dashboard/span_Summary MYR")): com.reusableComponent.HighlightElement.run is PASSED

2023-06-16 00:01:44 - [MESSAGE][PASSED] - com.reusableComponent.HighlightElement.run is PASSED

2023-06-16 00:01:44 - [TEST_STEP][PASSED] - mouseOver(findTestObject("Report/Page_Dashboard/span_Summary MYR")): Object: 'Object Repository/Report/Page_Dashboard/span_Summary MYR' is hovered

2023-06-16 00:01:45 - [MESSAGE][PASSED] - Object: 'Object Repository/Report/Page_Dashboard/span_Summary MYR' is hovered]]></system-out>
         <system-err><![CDATA[]]></system-err>
      </testcase>
      <testcase name="Test Cases/Report/Summary THB" time="2.536" classname="Test Cases/Report/Summary THB" status="PASSED">
         <system-out><![CDATA[2023-06-16 00:01:45 - [TEST_CASE][PASSED] - Test Cases/Report/Summary THB: Test Cases/Report/Summary THB

2023-06-16 00:01:46 - [TEST_STEP][PASSED] - com.reusableComponent.HighlightElement.run(findTestObject("Report/Page_Dashboard/span_Report")): com.reusableComponent.HighlightElement.run is PASSED

2023-06-16 00:01:46 - [MESSAGE][PASSED] - com.reusableComponent.HighlightElement.run is PASSED

2023-06-16 00:01:46 - [TEST_STEP][PASSED] - mouseOver(findTestObject("Report/Page_Dashboard/span_Report")): Object: 'Object Repository/Report/Page_Dashboard/span_Report' is hovered

2023-06-16 00:01:47 - [MESSAGE][PASSED] - Object: 'Object Repository/Report/Page_Dashboard/span_Report' is hovered

2023-06-16 00:01:47 - [TEST_STEP][PASSED] - com.reusableComponent.HighlightElement.run(findTestObject("Report/Page_Dashboard/span_Summary THB")): com.reusableComponent.HighlightElement.run is PASSED

2023-06-16 00:01:47 - [MESSAGE][PASSED] - com.reusableComponent.HighlightElement.run is PASSED

2023-06-16 00:01:47 - [TEST_STEP][PASSED] - mouseOver(findTestObject("Report/Page_Dashboard/span_Summary THB")): Object: 'Object Repository/Report/Page_Dashboard/span_Summary THB' is hovered

2023-06-16 00:01:48 - [MESSAGE][PASSED] - Object: 'Object Repository/Report/Page_Dashboard/span_Summary THB' is hovered]]></system-out>
         <system-err><![CDATA[]]></system-err>
      </testcase>
      <testcase name="Test Cases/Report/Summary IDR" time="2.732" classname="Test Cases/Report/Summary IDR" status="PASSED">
         <system-out><![CDATA[2023-06-16 00:01:48 - [TEST_CASE][PASSED] - Test Cases/Report/Summary IDR: Test Cases/Report/Summary IDR

2023-06-16 00:01:48 - [TEST_STEP][PASSED] - com.reusableComponent.HighlightElement.run(findTestObject("Report/Page_Dashboard/span_Report")): com.reusableComponent.HighlightElement.run is PASSED

2023-06-16 00:01:49 - [MESSAGE][PASSED] - com.reusableComponent.HighlightElement.run is PASSED

2023-06-16 00:01:49 - [TEST_STEP][PASSED] - mouseOver(findTestObject("Report/Page_Dashboard/span_Report")): Object: 'Object Repository/Report/Page_Dashboard/span_Report' is hovered

2023-06-16 00:01:49 - [MESSAGE][PASSED] - Object: 'Object Repository/Report/Page_Dashboard/span_Report' is hovered

2023-06-16 00:01:49 - [TEST_STEP][PASSED] - com.reusableComponent.HighlightElement.run(findTestObject("Report/Page_Dashboard/span_Summary IDR")): com.reusableComponent.HighlightElement.run is PASSED

2023-06-16 00:01:50 - [MESSAGE][PASSED] - com.reusableComponent.HighlightElement.run is PASSED

2023-06-16 00:01:50 - [TEST_STEP][PASSED] - mouseOver(findTestObject("Report/Page_Dashboard/span_Summary IDR")): Object: 'Object Repository/Report/Page_Dashboard/span_Summary IDR' is hovered

2023-06-16 00:01:50 - [MESSAGE][PASSED] - Object: 'Object Repository/Report/Page_Dashboard/span_Summary IDR' is hovered]]></system-out>
         <system-err><![CDATA[]]></system-err>
      </testcase>
      <testcase name="Test Cases/Report/Summary MMK" time="2.763" classname="Test Cases/Report/Summary MMK" status="PASSED">
         <system-out><![CDATA[2023-06-16 00:01:50 - [TEST_CASE][PASSED] - Test Cases/Report/Summary MMK: Test Cases/Report/Summary MMK

2023-06-16 00:01:51 - [TEST_STEP][PASSED] - com.reusableComponent.HighlightElement.run(findTestObject("Report/Page_Dashboard/span_Report")): com.reusableComponent.HighlightElement.run is PASSED

2023-06-16 00:01:51 - [MESSAGE][PASSED] - com.reusableComponent.HighlightElement.run is PASSED

2023-06-16 00:01:51 - [TEST_STEP][PASSED] - mouseOver(findTestObject("Report/Page_Dashboard/span_Report")): Object: 'Object Repository/Report/Page_Dashboard/span_Report' is hovered

2023-06-16 00:01:52 - [MESSAGE][PASSED] - Object: 'Object Repository/Report/Page_Dashboard/span_Report' is hovered

2023-06-16 00:01:52 - [TEST_STEP][PASSED] - com.reusableComponent.HighlightElement.run(findTestObject("Report/Page_Dashboard/span_Summary MMK")): com.reusableComponent.HighlightElement.run is PASSED

2023-06-16 00:01:53 - [MESSAGE][PASSED] - com.reusableComponent.HighlightElement.run is PASSED

2023-06-16 00:01:53 - [TEST_STEP][PASSED] - mouseOver(findTestObject("Report/Page_Dashboard/span_Summary MMK")): Object: 'Object Repository/Report/Page_Dashboard/span_Summary MMK' is hovered

2023-06-16 00:01:53 - [MESSAGE][PASSED] - Object: 'Object Repository/Report/Page_Dashboard/span_Summary MMK' is hovered]]></system-out>
         <system-err><![CDATA[]]></system-err>
      </testcase>
      <testcase name="Test Cases/Report/Summary RMB" time="2.854" classname="Test Cases/Report/Summary RMB" status="PASSED">
         <system-out><![CDATA[2023-06-16 00:01:53 - [TEST_CASE][PASSED] - Test Cases/Report/Summary RMB: Test Cases/Report/Summary RMB

2023-06-16 00:01:54 - [TEST_STEP][PASSED] - com.reusableComponent.HighlightElement.run(findTestObject("Report/Page_Dashboard/span_Report")): com.reusableComponent.HighlightElement.run is PASSED

2023-06-16 00:01:54 - [MESSAGE][PASSED] - com.reusableComponent.HighlightElement.run is PASSED

2023-06-16 00:01:54 - [TEST_STEP][PASSED] - mouseOver(findTestObject("Report/Page_Dashboard/span_Report")): Object: 'Object Repository/Report/Page_Dashboard/span_Report' is hovered

2023-06-16 00:01:55 - [MESSAGE][PASSED] - Object: 'Object Repository/Report/Page_Dashboard/span_Report' is hovered

2023-06-16 00:01:55 - [TEST_STEP][PASSED] - com.reusableComponent.HighlightElement.run(findTestObject("Report/Page_Dashboard/span_Summary RMB")): com.reusableComponent.HighlightElement.run is PASSED

2023-06-16 00:01:55 - [MESSAGE][PASSED] - com.reusableComponent.HighlightElement.run is PASSED

2023-06-16 00:01:55 - [TEST_STEP][PASSED] - mouseOver(findTestObject("Report/Page_Dashboard/span_Summary RMB")): Object: 'Object Repository/Report/Page_Dashboard/span_Summary RMB' is hovered

2023-06-16 00:01:56 - [MESSAGE][PASSED] - Object: 'Object Repository/Report/Page_Dashboard/span_Summary RMB' is hovered]]></system-out>
         <system-err><![CDATA[]]></system-err>
      </testcase>
      <testcase name="Test Cases/Report/Summary Monthly" time="3.101" classname="Test Cases/Report/Summary Monthly" status="PASSED">
         <system-out><![CDATA[2023-06-16 00:01:56 - [TEST_CASE][PASSED] - Test Cases/Report/Summary Monthly: Test Cases/Report/Summary Monthly

2023-06-16 00:01:57 - [TEST_STEP][PASSED] - com.reusableComponent.HighlightElement.run(findTestObject("Report/Page_Dashboard/span_Report")): com.reusableComponent.HighlightElement.run is PASSED

2023-06-16 00:01:58 - [MESSAGE][PASSED] - com.reusableComponent.HighlightElement.run is PASSED

2023-06-16 00:01:58 - [TEST_STEP][PASSED] - mouseOver(findTestObject("Report/Page_Dashboard/span_Report")): Object: 'Object Repository/Report/Page_Dashboard/span_Report' is hovered

2023-06-16 00:01:58 - [MESSAGE][PASSED] - Object: 'Object Repository/Report/Page_Dashboard/span_Report' is hovered

2023-06-16 00:01:58 - [TEST_STEP][PASSED] - com.reusableComponent.HighlightElement.run(findTestObject("Report/Page_Dashboard/span_Summary Monthly")): com.reusableComponent.HighlightElement.run is PASSED

2023-06-16 00:01:59 - [MESSAGE][PASSED] - com.reusableComponent.HighlightElement.run is PASSED

2023-06-16 00:01:59 - [TEST_STEP][PASSED] - mouseOver(findTestObject("Report/Page_Dashboard/span_Summary Monthly")): Object: 'Object Repository/Report/Page_Dashboard/span_Summary Monthly' is hovered

2023-06-16 00:01:59 - [MESSAGE][PASSED] - Object: 'Object Repository/Report/Page_Dashboard/span_Summary Monthly' is hovered]]></system-out>
         <system-err><![CDATA[]]></system-err>
      </testcase>
      <testcase name="Test Cases/Report/Summary (Direct)" time="2.734" classname="Test Cases/Report/Summary (Direct)" status="PASSED">
         <system-out><![CDATA[2023-06-16 00:01:59 - [TEST_CASE][PASSED] - Test Cases/Report/Summary (Direct): Test Cases/Report/Summary (Direct)

2023-06-16 00:02:00 - [TEST_STEP][PASSED] - com.reusableComponent.HighlightElement.run(findTestObject("Report/Page_Dashboard/span_Report")): com.reusableComponent.HighlightElement.run is PASSED

2023-06-16 00:02:00 - [MESSAGE][PASSED] - com.reusableComponent.HighlightElement.run is PASSED

2023-06-16 00:02:00 - [TEST_STEP][PASSED] - mouseOver(findTestObject("Report/Page_Dashboard/span_Report")): Object: 'Object Repository/Report/Page_Dashboard/span_Report' is hovered

2023-06-16 00:02:01 - [MESSAGE][PASSED] - Object: 'Object Repository/Report/Page_Dashboard/span_Report' is hovered

2023-06-16 00:02:01 - [TEST_STEP][PASSED] - com.reusableComponent.HighlightElement.run(findTestObject("Report/Page_Dashboard/span_Summary (Direct)")): com.reusableComponent.HighlightElement.run is PASSED

2023-06-16 00:02:01 - [MESSAGE][PASSED] - com.reusableComponent.HighlightElement.run is PASSED

2023-06-16 00:02:01 - [TEST_STEP][PASSED] - mouseOver(findTestObject("Report/Page_Dashboard/span_Summary (Direct)")): Object: 'Object Repository/Report/Page_Dashboard/span_Summary (Direct)' is hovered

2023-06-16 00:02:02 - [MESSAGE][PASSED] - Object: 'Object Repository/Report/Page_Dashboard/span_Summary (Direct)' is hovered]]></system-out>
         <system-err><![CDATA[]]></system-err>
      </testcase>
      <testcase name="Test Cases/Report/Saved Report" time="3.415" classname="Test Cases/Report/Saved Report" status="PASSED">
         <system-out><![CDATA[2023-06-16 00:02:02 - [TEST_CASE][PASSED] - Test Cases/Report/Saved Report: Test Cases/Report/Saved Report

2023-06-16 00:02:03 - [TEST_STEP][PASSED] - com.reusableComponent.HighlightElement.run(findTestObject("Report/Page_Dashboard/span_Report")): com.reusableComponent.HighlightElement.run is PASSED

2023-06-16 00:02:04 - [MESSAGE][PASSED] - com.reusableComponent.HighlightElement.run is PASSED

2023-06-16 00:02:04 - [TEST_STEP][PASSED] - mouseOver(findTestObject("Report/Page_Dashboard/span_Report")): Object: 'Object Repository/Report/Page_Dashboard/span_Report' is hovered

2023-06-16 00:02:04 - [MESSAGE][PASSED] - Object: 'Object Repository/Report/Page_Dashboard/span_Report' is hovered

2023-06-16 00:02:04 - [TEST_STEP][PASSED] - com.reusableComponent.HighlightElement.run(findTestObject("Report/Page_Dashboard/span_Saved Report")): com.reusableComponent.HighlightElement.run is PASSED

2023-06-16 00:02:05 - [MESSAGE][PASSED] - com.reusableComponent.HighlightElement.run is PASSED

2023-06-16 00:02:05 - [TEST_STEP][PASSED] - mouseOver(findTestObject("Report/Page_Dashboard/span_Saved Report")): Object: 'Object Repository/Report/Page_Dashboard/span_Saved Report' is hovered

2023-06-16 00:02:05 - [MESSAGE][PASSED] - Object: 'Object Repository/Report/Page_Dashboard/span_Saved Report' is hovered]]></system-out>
         <system-err><![CDATA[]]></system-err>
      </testcase>
      <testcase name="Test Cases/Report/Commission" time="2.49" classname="Test Cases/Report/Commission" status="PASSED">
         <system-out><![CDATA[2023-06-16 00:02:05 - [TEST_CASE][PASSED] - Test Cases/Report/Commission: Test Cases/Report/Commission

2023-06-16 00:02:06 - [TEST_STEP][PASSED] - com.reusableComponent.HighlightElement.run(findTestObject("Report/Page_Dashboard/span_Report")): com.reusableComponent.HighlightElement.run is PASSED

2023-06-16 00:02:06 - [MESSAGE][PASSED] - com.reusableComponent.HighlightElement.run is PASSED

2023-06-16 00:02:06 - [TEST_STEP][PASSED] - mouseOver(findTestObject("Report/Page_Dashboard/span_Report")): Object: 'Object Repository/Report/Page_Dashboard/span_Report' is hovered

2023-06-16 00:02:07 - [MESSAGE][PASSED] - Object: 'Object Repository/Report/Page_Dashboard/span_Report' is hovered

2023-06-16 00:02:07 - [TEST_STEP][PASSED] - com.reusableComponent.HighlightElement.run(findTestObject("Report/Page_Dashboard/span_Commission")): com.reusableComponent.HighlightElement.run is PASSED

2023-06-16 00:02:07 - [MESSAGE][PASSED] - com.reusableComponent.HighlightElement.run is PASSED

2023-06-16 00:02:07 - [TEST_STEP][PASSED] - mouseOver(findTestObject("Report/Page_Dashboard/span_Commission")): Object: 'Object Repository/Report/Page_Dashboard/span_Commission' is hovered

2023-06-16 00:02:08 - [MESSAGE][PASSED] - Object: 'Object Repository/Report/Page_Dashboard/span_Commission' is hovered]]></system-out>
         <system-err><![CDATA[]]></system-err>
      </testcase>
      <testcase name="Test Cases/Report/40130 Report" time="2.589" classname="Test Cases/Report/40130 Report" status="PASSED">
         <system-out><![CDATA[2023-06-16 00:02:08 - [TEST_CASE][PASSED] - Test Cases/Report/40130 Report: Test Cases/Report/40130 Report

2023-06-16 00:02:08 - [TEST_STEP][PASSED] - com.reusableComponent.HighlightElement.run(findTestObject("Report/Page_Dashboard/span_Report")): com.reusableComponent.HighlightElement.run is PASSED

2023-06-16 00:02:09 - [MESSAGE][PASSED] - com.reusableComponent.HighlightElement.run is PASSED

2023-06-16 00:02:09 - [TEST_STEP][PASSED] - mouseOver(findTestObject("Report/Page_Dashboard/span_Report")): Object: 'Object Repository/Report/Page_Dashboard/span_Report' is hovered

2023-06-16 00:02:09 - [MESSAGE][PASSED] - Object: 'Object Repository/Report/Page_Dashboard/span_Report' is hovered

2023-06-16 00:02:09 - [TEST_STEP][PASSED] - com.reusableComponent.HighlightElement.run(findTestObject("Report/Page_Dashboard/span_40130 Report")): com.reusableComponent.HighlightElement.run is PASSED

2023-06-16 00:02:10 - [MESSAGE][PASSED] - com.reusableComponent.HighlightElement.run is PASSED

2023-06-16 00:02:10 - [TEST_STEP][PASSED] - mouseOver(findTestObject("Report/Page_Dashboard/span_40130 Report")): Object: 'Object Repository/Report/Page_Dashboard/span_40130 Report' is hovered

2023-06-16 00:02:10 - [MESSAGE][PASSED] - Object: 'Object Repository/Report/Page_Dashboard/span_40130 Report' is hovered]]></system-out>
         <system-err><![CDATA[]]></system-err>
      </testcase>
      <testcase name="Test Cases/Report/Reward" time="2.955" classname="Test Cases/Report/Reward" status="PASSED">
         <system-out><![CDATA[2023-06-16 00:02:10 - [TEST_CASE][PASSED] - Test Cases/Report/Reward: Test Cases/Report/Reward

2023-06-16 00:02:11 - [TEST_STEP][PASSED] - com.reusableComponent.HighlightElement.run(findTestObject("Report/Page_Dashboard/span_Report")): com.reusableComponent.HighlightElement.run is PASSED

2023-06-16 00:02:12 - [MESSAGE][PASSED] - com.reusableComponent.HighlightElement.run is PASSED

2023-06-16 00:02:12 - [TEST_STEP][PASSED] - mouseOver(findTestObject("Report/Page_Dashboard/span_Report")): Object: 'Object Repository/Report/Page_Dashboard/span_Report' is hovered

2023-06-16 00:02:12 - [MESSAGE][PASSED] - Object: 'Object Repository/Report/Page_Dashboard/span_Report' is hovered

2023-06-16 00:02:12 - [TEST_STEP][PASSED] - com.reusableComponent.HighlightElement.run(findTestObject("Report/Page_Dashboard/span_Reward")): com.reusableComponent.HighlightElement.run is PASSED

2023-06-16 00:02:13 - [MESSAGE][PASSED] - com.reusableComponent.HighlightElement.run is PASSED

2023-06-16 00:02:13 - [TEST_STEP][PASSED] - mouseOver(findTestObject("Report/Page_Dashboard/span_Reward")): Object: 'Object Repository/Report/Page_Dashboard/span_Reward' is hovered

2023-06-16 00:02:13 - [MESSAGE][PASSED] - Object: 'Object Repository/Report/Page_Dashboard/span_Reward' is hovered]]></system-out>
         <system-err><![CDATA[]]></system-err>
      </testcase>
      <testcase name="Test Cases/Report/Shareholder Report Preview" time="2.619" classname="Test Cases/Report/Shareholder Report Preview" status="PASSED">
         <system-out><![CDATA[2023-06-16 00:02:13 - [TEST_CASE][PASSED] - Test Cases/Report/Shareholder Report Preview: Test Cases/Report/Shareholder Report Preview

2023-06-16 00:02:14 - [TEST_STEP][PASSED] - com.reusableComponent.HighlightElement.run(findTestObject("Report/Page_Dashboard/span_Report")): com.reusableComponent.HighlightElement.run is PASSED

2023-06-16 00:02:14 - [MESSAGE][PASSED] - com.reusableComponent.HighlightElement.run is PASSED

2023-06-16 00:02:14 - [TEST_STEP][PASSED] - mouseOver(findTestObject("Report/Page_Dashboard/span_Report")): Object: 'Object Repository/Report/Page_Dashboard/span_Report' is hovered

2023-06-16 00:02:15 - [MESSAGE][PASSED] - Object: 'Object Repository/Report/Page_Dashboard/span_Report' is hovered

2023-06-16 00:02:15 - [TEST_STEP][PASSED] - com.reusableComponent.HighlightElement.run(findTestObject("Report/Page_Dashboard/span_Shareholder report preview")): com.reusableComponent.HighlightElement.run is PASSED

2023-06-16 00:02:15 - [MESSAGE][PASSED] - com.reusableComponent.HighlightElement.run is PASSED

2023-06-16 00:02:15 - [TEST_STEP][PASSED] - mouseOver(findTestObject("Report/Page_Dashboard/span_Shareholder report preview")): Object: 'Object Repository/Report/Page_Dashboard/span_Shareholder report preview' is hovered

2023-06-16 00:02:16 - [MESSAGE][PASSED] - Object: 'Object Repository/Report/Page_Dashboard/span_Shareholder report preview' is hovered]]></system-out>
         <system-err><![CDATA[]]></system-err>
      </testcase>
      <testcase name="Test Cases/Report/Member New Register" time="4.473" classname="Test Cases/Report/Member New Register" status="PASSED">
         <system-out><![CDATA[2023-06-16 00:02:19 - [TEST_CASE][PASSED] - Test Cases/Report/Member New Register: Test Cases/Report/Member New Register

2023-06-16 00:02:19 - [TEST_STEP][PASSED] - com.reusableComponent.HighlightElement.run(findTestObject("Report/Page_Dashboard/span_Report")): com.reusableComponent.HighlightElement.run is PASSED

2023-06-16 00:02:19 - [MESSAGE][PASSED] - com.reusableComponent.HighlightElement.run is PASSED

2023-06-16 00:02:19 - [TEST_STEP][PASSED] - mouseOver(findTestObject("Report/Page_Dashboard/span_Report")): Object: 'Object Repository/Report/Page_Dashboard/span_Report' is hovered

2023-06-16 00:02:20 - [MESSAGE][PASSED] - Object: 'Object Repository/Report/Page_Dashboard/span_Report' is hovered

2023-06-16 00:02:20 - [TEST_STEP][PASSED] - com.reusableComponent.HighlightElement.run(findTestObject("Report/Page_Dashboard/span_Member New Register")): com.reusableComponent.HighlightElement.run is PASSED

2023-06-16 00:02:20 - [MESSAGE][PASSED] - com.reusableComponent.HighlightElement.run is PASSED

2023-06-16 00:02:20 - [TEST_STEP][PASSED] - mouseOver(findTestObject("Report/Page_Dashboard/span_Member New Register")): Object: 'Object Repository/Report/Page_Dashboard/span_Member New Register' is hovered

2023-06-16 00:02:23 - [MESSAGE][PASSED] - Object: 'Object Repository/Report/Page_Dashboard/span_Member New Register' is hovered]]></system-out>
         <system-err><![CDATA[]]></system-err>
      </testcase>
      <testcase name="Test Cases/Report/Gift Report" time="2.568" classname="Test Cases/Report/Gift Report" status="PASSED">
         <system-out><![CDATA[2023-06-16 00:02:23 - [TEST_CASE][PASSED] - Test Cases/Report/Gift Report: Test Cases/Report/Gift Report

2023-06-16 00:02:24 - [TEST_STEP][PASSED] - com.reusableComponent.HighlightElement.run(findTestObject("Report/Page_Dashboard/span_Report")): com.reusableComponent.HighlightElement.run is PASSED

2023-06-16 00:02:24 - [MESSAGE][PASSED] - com.reusableComponent.HighlightElement.run is PASSED

2023-06-16 00:02:24 - [TEST_STEP][PASSED] - mouseOver(findTestObject("Report/Page_Dashboard/span_Report")): Object: 'Object Repository/Report/Page_Dashboard/span_Report' is hovered

2023-06-16 00:02:25 - [MESSAGE][PASSED] - Object: 'Object Repository/Report/Page_Dashboard/span_Report' is hovered

2023-06-16 00:02:25 - [TEST_STEP][PASSED] - com.reusableComponent.HighlightElement.run(findTestObject("Report/Page_Dashboard/span_Gift Report")): com.reusableComponent.HighlightElement.run is PASSED

2023-06-16 00:02:25 - [MESSAGE][PASSED] - com.reusableComponent.HighlightElement.run is PASSED

2023-06-16 00:02:25 - [TEST_STEP][PASSED] - mouseOver(findTestObject("Report/Page_Dashboard/span_Gift Report")): Object: 'Object Repository/Report/Page_Dashboard/span_Gift Report' is hovered

2023-06-16 00:02:26 - [MESSAGE][PASSED] - Object: 'Object Repository/Report/Page_Dashboard/span_Gift Report' is hovered]]></system-out>
         <system-err><![CDATA[]]></system-err>
      </testcase>
      <testcase name="Test Cases/Report/Member Blocked Report" time="2.764" classname="Test Cases/Report/Member Blocked Report" status="PASSED">
         <system-out><![CDATA[2023-06-16 00:02:26 - [TEST_CASE][PASSED] - Test Cases/Report/Member Blocked Report: Test Cases/Report/Member Blocked Report

2023-06-16 00:02:26 - [TEST_STEP][PASSED] - com.reusableComponent.HighlightElement.run(findTestObject("Report/Page_Dashboard/span_Report")): com.reusableComponent.HighlightElement.run is PASSED

2023-06-16 00:02:27 - [MESSAGE][PASSED] - com.reusableComponent.HighlightElement.run is PASSED

2023-06-16 00:02:27 - [TEST_STEP][PASSED] - mouseOver(findTestObject("Report/Page_Dashboard/span_Report")): Object: 'Object Repository/Report/Page_Dashboard/span_Report' is hovered

2023-06-16 00:02:27 - [MESSAGE][PASSED] - Object: 'Object Repository/Report/Page_Dashboard/span_Report' is hovered

2023-06-16 00:02:27 - [TEST_STEP][PASSED] - com.reusableComponent.HighlightElement.run(findTestObject("Report/Page_Dashboard/span_Member Blocked Report")): com.reusableComponent.HighlightElement.run is PASSED

2023-06-16 00:02:28 - [MESSAGE][PASSED] - com.reusableComponent.HighlightElement.run is PASSED

2023-06-16 00:02:28 - [TEST_STEP][PASSED] - mouseOver(findTestObject("Report/Page_Dashboard/span_Member Blocked Report")): Object: 'Object Repository/Report/Page_Dashboard/span_Member Blocked Report' is hovered

2023-06-16 00:02:28 - [MESSAGE][PASSED] - Object: 'Object Repository/Report/Page_Dashboard/span_Member Blocked Report' is hovered]]></system-out>
         <system-err><![CDATA[]]></system-err>
      </testcase>
      <system-out><![CDATA[2023-06-16 00:00:52 - [TEST_SUITE][FAILED] - Smoke: Test Cases/Report/Member New Register FAILED.
Reason:
com.kms.katalon.core.exception.StepFailedException: Unable to move mouse over object 'Object Repository/Report/Page_Dashboard/span_Member New Register'
	at com.kms.katalon.core.webui.keyword.internal.WebUIKeywordMain.stepFailed(WebUIKeywordMain.groovy:64)
	at com.kms.katalon.core.webui.keyword.internal.WebUIKeywordMain.runKeyword(WebUIKeywordMain.groovy:26)
	at com.kms.katalon.core.webui.keyword.builtin.MouseOverKeyword.mouseOver(MouseOverKeyword.groovy:66)
	at com.kms.katalon.core.webui.keyword.builtin.MouseOverKeyword.execute(MouseOverKeyword.groovy:40)
	at com.kms.katalon.core.keyword.internal.KeywordExecutor.executeKeywordForPlatform(KeywordExecutor.groovy:74)
	at com.kms.katalon.core.webui.keyword.WebUiBuiltInKeywords.mouseOver(WebUiBuiltInKeywords.groovy:806)
	at com.kms.katalon.core.webui.keyword.WebUiBuiltInKeywords$mouseOver$5.call(Unknown Source)
	at Member New Register.run(Member New Register:26)
	at com.kms.katalon.core.main.ScriptEngine.run(ScriptEngine.java:194)
	at com.kms.katalon.core.main.ScriptEngine.runScriptAsRawText(ScriptEngine.java:119)
	at com.kms.katalon.core.main.TestCaseExecutor.runScript(TestCaseExecutor.java:448)
	at com.kms.katalon.core.main.TestCaseExecutor.doExecute(TestCaseExecutor.java:439)
	at com.kms.katalon.core.main.TestCaseExecutor.processExecutionPhase(TestCaseExecutor.java:418)
	at com.kms.katalon.core.main.TestCaseExecutor.accessMainPhase(TestCaseExecutor.java:410)
	at com.kms.katalon.core.main.TestCaseExecutor.execute(TestCaseExecutor.java:285)
	at com.kms.katalon.core.common.CommonExecutor.accessTestCaseMainPhase(CommonExecutor.java:65)
	at com.kms.katalon.core.main.TestSuiteExecutor.accessTestSuiteMainPhase(TestSuiteExecutor.java:148)
	at com.kms.katalon.core.main.TestSuiteExecutor.execute(TestSuiteExecutor.java:106)
	at com.kms.katalon.core.main.TestCaseMain.startTestSuite(TestCaseMain.java:187)
	at com.kms.katalon.core.main.TestCaseMain$startTestSuite$0.call(Unknown Source)
	at TempTestSuite1686844842513.run(TempTestSuite1686844842513.groovy:36)
Caused by: org.openqa.selenium.interactions.MoveTargetOutOfBoundsException: move target out of bounds
  (Session info: chrome=114.0.5735.133)
Build info: version: '3.141.59', revision: 'e82be7d358', time: '2018-11-14T08:25:53'
System info: host: 'PHPF1FXV0U', ip: '192.168.68.107', os.name: 'Windows 10', os.arch: 'amd64', os.version: '10.0', java.version: '1.8.0_362'
Driver info: com.kms.katalon.selenium.driver.CChromeDriver
Capabilities {acceptInsecureCerts: false, browserName: chrome, browserVersion: 114.0.5735.133, chrome: {chromedriverVersion: 113.0.5672.24 (65f30d4e8051..., userDataDir: C:\Users\hmacagba\AppData\L...}, goog:chromeOptions: {debuggerAddress: localhost:58796}, javascriptEnabled: true, networkConnectionEnabled: false, pageLoadStrategy: normal, platform: WINDOWS, platformName: WINDOWS, proxy: Proxy(), setWindowRect: true, strictFileInteractability: false, timeouts: {implicit: 0, pageLoad: 300000, script: 30000}, unhandledPromptBehavior: dismiss and notify, webauthn:extension:credBlob: true, webauthn:extension:largeBlob: true, webauthn:extension:minPinLength: true, webauthn:extension:prf: true, webauthn:virtualAuthenticators: true}
Session ID: d1f92b38ffc4ae389f4cece0c79943e5
	at org.openqa.selenium.remote.http.W3CHttpResponseCodec.createException(W3CHttpResponseCodec.java:187)
	at org.openqa.selenium.remote.http.W3CHttpResponseCodec.decode(W3CHttpResponseCodec.java:122)
	at org.openqa.selenium.remote.http.W3CHttpResponseCodec.decode(W3CHttpResponseCodec.java:49)
	at org.openqa.selenium.remote.HttpCommandExecutor.execute(HttpCommandExecutor.java:158)
	at org.openqa.selenium.remote.service.DriverCommandExecutor.execute(DriverCommandExecutor.java:83)
	at org.openqa.selenium.remote.RemoteWebDriver.execute(RemoteWebDriver.java:552)
	at com.kms.katalon.selenium.driver.CChromeDriver.execute(CChromeDriver.java:19)
	at org.openqa.selenium.remote.RemoteWebDriver.perform(RemoteWebDriver.java:618)
	at org.openqa.selenium.support.events.EventFiringWebDriver.lambda$new$1(EventFiringWebDriver.java:105)
	at com.sun.proxy.$Proxy10.perform(Unknown Source)
	at org.openqa.selenium.support.events.EventFiringWebDriver.perform(EventFiringWebDriver.java:360)
	at org.openqa.selenium.interactions.Actions$BuiltAction.perform(Actions.java:639)
	at org.openqa.selenium.interactions.Actions.perform(Actions.java:595)
	at com.kms.katalon.core.webui.keyword.builtin.MouseOverKeyword$_mouseOver_closure1.doCall(MouseOverKeyword.groovy:59)
	at com.kms.katalon.core.webui.keyword.builtin.MouseOverKeyword$_mouseOver_closure1.call(MouseOverKeyword.groovy)
	at com.kms.katalon.core.webui.keyword.internal.WebUIKeywordMain.runKeyword(WebUIKeywordMain.groovy:20)
	... 19 more]]></system-out>
      <system-err><![CDATA[2023-06-16 00:00:52 - [TEST_SUITE][FAILED] - Smoke: Test Cases/Report/Member New Register FAILED.
Reason:
com.kms.katalon.core.exception.StepFailedException: Unable to move mouse over object 'Object Repository/Report/Page_Dashboard/span_Member New Register'
	at com.kms.katalon.core.webui.keyword.internal.WebUIKeywordMain.stepFailed(WebUIKeywordMain.groovy:64)
	at com.kms.katalon.core.webui.keyword.internal.WebUIKeywordMain.runKeyword(WebUIKeywordMain.groovy:26)
	at com.kms.katalon.core.webui.keyword.builtin.MouseOverKeyword.mouseOver(MouseOverKeyword.groovy:66)
	at com.kms.katalon.core.webui.keyword.builtin.MouseOverKeyword.execute(MouseOverKeyword.groovy:40)
	at com.kms.katalon.core.keyword.internal.KeywordExecutor.executeKeywordForPlatform(KeywordExecutor.groovy:74)
	at com.kms.katalon.core.webui.keyword.WebUiBuiltInKeywords.mouseOver(WebUiBuiltInKeywords.groovy:806)
	at com.kms.katalon.core.webui.keyword.WebUiBuiltInKeywords$mouseOver$5.call(Unknown Source)
	at Member New Register.run(Member New Register:26)
	at com.kms.katalon.core.main.ScriptEngine.run(ScriptEngine.java:194)
	at com.kms.katalon.core.main.ScriptEngine.runScriptAsRawText(ScriptEngine.java:119)
	at com.kms.katalon.core.main.TestCaseExecutor.runScript(TestCaseExecutor.java:448)
	at com.kms.katalon.core.main.TestCaseExecutor.doExecute(TestCaseExecutor.java:439)
	at com.kms.katalon.core.main.TestCaseExecutor.processExecutionPhase(TestCaseExecutor.java:418)
	at com.kms.katalon.core.main.TestCaseExecutor.accessMainPhase(TestCaseExecutor.java:410)
	at com.kms.katalon.core.main.TestCaseExecutor.execute(TestCaseExecutor.java:285)
	at com.kms.katalon.core.common.CommonExecutor.accessTestCaseMainPhase(CommonExecutor.java:65)
	at com.kms.katalon.core.main.TestSuiteExecutor.accessTestSuiteMainPhase(TestSuiteExecutor.java:148)
	at com.kms.katalon.core.main.TestSuiteExecutor.execute(TestSuiteExecutor.java:106)
	at com.kms.katalon.core.main.TestCaseMain.startTestSuite(TestCaseMain.java:187)
	at com.kms.katalon.core.main.TestCaseMain$startTestSuite$0.call(Unknown Source)
	at TempTestSuite1686844842513.run(TempTestSuite1686844842513.groovy:36)
Caused by: org.openqa.selenium.interactions.MoveTargetOutOfBoundsException: move target out of bounds
  (Session info: chrome=114.0.5735.133)
Build info: version: '3.141.59', revision: 'e82be7d358', time: '2018-11-14T08:25:53'
System info: host: 'PHPF1FXV0U', ip: '192.168.68.107', os.name: 'Windows 10', os.arch: 'amd64', os.version: '10.0', java.version: '1.8.0_362'
Driver info: com.kms.katalon.selenium.driver.CChromeDriver
Capabilities {acceptInsecureCerts: false, browserName: chrome, browserVersion: 114.0.5735.133, chrome: {chromedriverVersion: 113.0.5672.24 (65f30d4e8051..., userDataDir: C:\Users\hmacagba\AppData\L...}, goog:chromeOptions: {debuggerAddress: localhost:58796}, javascriptEnabled: true, networkConnectionEnabled: false, pageLoadStrategy: normal, platform: WINDOWS, platformName: WINDOWS, proxy: Proxy(), setWindowRect: true, strictFileInteractability: false, timeouts: {implicit: 0, pageLoad: 300000, script: 30000}, unhandledPromptBehavior: dismiss and notify, webauthn:extension:credBlob: true, webauthn:extension:largeBlob: true, webauthn:extension:minPinLength: true, webauthn:extension:prf: true, webauthn:virtualAuthenticators: true}
Session ID: d1f92b38ffc4ae389f4cece0c79943e5
	at org.openqa.selenium.remote.http.W3CHttpResponseCodec.createException(W3CHttpResponseCodec.java:187)
	at org.openqa.selenium.remote.http.W3CHttpResponseCodec.decode(W3CHttpResponseCodec.java:122)
	at org.openqa.selenium.remote.http.W3CHttpResponseCodec.decode(W3CHttpResponseCodec.java:49)
	at org.openqa.selenium.remote.HttpCommandExecutor.execute(HttpCommandExecutor.java:158)
	at org.openqa.selenium.remote.service.DriverCommandExecutor.execute(DriverCommandExecutor.java:83)
	at org.openqa.selenium.remote.RemoteWebDriver.execute(RemoteWebDriver.java:552)
	at com.kms.katalon.selenium.driver.CChromeDriver.execute(CChromeDriver.java:19)
	at org.openqa.selenium.remote.RemoteWebDriver.perform(RemoteWebDriver.java:618)
	at org.openqa.selenium.support.events.EventFiringWebDriver.lambda$new$1(EventFiringWebDriver.java:105)
	at com.sun.proxy.$Proxy10.perform(Unknown Source)
	at org.openqa.selenium.support.events.EventFiringWebDriver.perform(EventFiringWebDriver.java:360)
	at org.openqa.selenium.interactions.Actions$BuiltAction.perform(Actions.java:639)
	at org.openqa.selenium.interactions.Actions.perform(Actions.java:595)
	at com.kms.katalon.core.webui.keyword.builtin.MouseOverKeyword$_mouseOver_closure1.doCall(MouseOverKeyword.groovy:59)
	at com.kms.katalon.core.webui.keyword.builtin.MouseOverKeyword$_mouseOver_closure1.call(MouseOverKeyword.groovy)
	at com.kms.katalon.core.webui.keyword.internal.WebUIKeywordMain.runKeyword(WebUIKeywordMain.groovy:20)
	... 19 more]]></system-err>
   </testsuite>
</testsuites>
